2024-10-02 12:24:55,225 [INFO] Activator:176 - 


2024-10-02 12:24:55,228 [INFO] Activator:177 - !SESSION log4j initialized
2024-10-02 12:24:58,375 [INFO] LogOutputStream:77 - [STDOUT_REDIRECT] 
2024-10-02 12:25:01,424 [INFO] ApplicationProperties:184 - Using Application install path: C:\STM32\STM32CubeIDE_1.16.0\STM32CubeIDE\plugins\com.st.stm32cube.common.mx_6.12.0.202406281431
2024-10-02 12:25:01,445 [INFO] DbMcusXml:78 - Set database path to: C:\STM32\STM32CubeIDE_1.16.0\STM32CubeIDE\plugins\com.st.stm32cube.common.mx_6.12.0.202406281431\\db\/mcu/
2024-10-02 12:25:01,445 [INFO] ApiDb:274 - Set plugin database path to: C:\STM32\STM32CubeIDE_1.16.0\STM32CubeIDE\plugins\com.st.stm32cube.common.mx_6.12.0.202406281431\\db\/plugins/boardmanager/
2024-10-02 12:25:01,445 [WARN] ApiDb:259 - Overriding images path with different value:  => C:\STM32\STM32CubeIDE_1.16.0\STM32CubeIDE\plugins\com.st.stm32cube.common.mx_6.12.0.202406281431\\db\/plugins/mcufinder/images/
2024-10-02 12:25:01,453 [INFO] ApiDb:250 - Set database path to: C:\Users\dangq\.stmcufinder\plugins\mcufinder//mcu/
2024-10-02 12:25:01,454 [INFO] DbMcusAds:125 - Set database path to: C:\Users\dangq\.stmcufinder\plugins\mcufinder//mcu/
2024-10-02 12:25:02,387 [INFO] CrossReferenceDbSqlite:203 - Set database path to: C:\Users\dangq\.stmcufinder\plugins\mcufinder//mcu/cs/
2024-10-02 12:25:02,538 [INFO] RulesReader:64 - Compatibility file has been processed (297 Rules)
2024-10-02 12:25:02,636 [INFO] DbMcusXml:78 - Set database path to: C:\STM32\STM32CubeIDE_1.16.0\STM32CubeIDE\plugins\com.st.stm32cube.common.mx_6.12.0.202406281431\\db\/mcu/
2024-10-02 12:25:02,636 [INFO] ApiDb:274 - Set plugin database path to: C:\STM32\STM32CubeIDE_1.16.0\STM32CubeIDE\plugins\com.st.stm32cube.common.mx_6.12.0.202406281431\\db\/plugins/boardmanager/
2024-10-02 12:25:02,636 [INFO] ApiDb:261 - Set plugin images path to: C:\STM32\STM32CubeIDE_1.16.0\STM32CubeIDE\plugins\com.st.stm32cube.common.mx_6.12.0.202406281431\\db\/plugins/mcufinder/images/
2024-10-02 12:25:02,637 [WARN] DbFile:41 - Overriding database path with different value: C:\Users\dangq\.stmcufinder\plugins\mcufinder/ => C:\Users\dangq\.stmcufinder\plugins\mcufinder
2024-10-02 12:25:02,637 [INFO] ApiDb:250 - Set database path to: C:\Users\dangq\.stmcufinder\plugins\mcufinder//mcu/
2024-10-02 12:25:02,637 [WARN] DbFile:41 - Overriding database path with different value: C:\Users\dangq\.stmcufinder\plugins\mcufinder/ => C:\Users\dangq\.stmcufinder\plugins\mcufinder
2024-10-02 12:25:02,637 [INFO] DbMcusAds:125 - Set database path to: C:\Users\dangq\.stmcufinder\plugins\mcufinder//mcu/
2024-10-02 12:25:02,637 [WARN] DbFile:41 - Overriding database path with different value: C:\Users\dangq\.stmcufinder\plugins\mcufinder/ => C:\Users\dangq\.stmcufinder\plugins\mcufinder
2024-10-02 12:25:02,637 [WARN] DbFile:41 - Overriding database path with different value: C:\Users\dangq\.stmcufinder\plugins\mcufinder/ => C:\Users\dangq\.stmcufinder\plugins\mcufinder
2024-10-02 12:25:03,385 [INFO] CrossReferenceDbSqlite:203 - Set database path to: C:\Users\dangq\.stmcufinder\plugins\mcufinder//mcu/cs/
2024-10-02 12:25:03,483 [INFO] MainPanel:268 - HeapMemory: 268435456
2024-10-02 12:25:03,595 [INFO] DbMcusXml:78 - Set database path to: C:\STM32\STM32CubeIDE_1.16.0\STM32CubeIDE\plugins\com.st.stm32cube.common.mx_6.12.0.202406281431\\db\/mcu/
2024-10-02 12:25:03,596 [INFO] ApiDb:274 - Set plugin database path to: C:\STM32\STM32CubeIDE_1.16.0\STM32CubeIDE\plugins\com.st.stm32cube.common.mx_6.12.0.202406281431\\db\/plugins/boardmanager/
2024-10-02 12:25:03,596 [INFO] ApiDb:261 - Set plugin images path to: C:\STM32\STM32CubeIDE_1.16.0\STM32CubeIDE\plugins\com.st.stm32cube.common.mx_6.12.0.202406281431\\db\/plugins/mcufinder/images/
2024-10-02 12:25:03,597 [WARN] DbFile:41 - Overriding database path with different value: C:\Users\dangq\.stmcufinder\plugins\mcufinder/ => C:\Users\dangq\.stmcufinder\plugins\mcufinder
2024-10-02 12:25:03,597 [INFO] ApiDb:250 - Set database path to: C:\Users\dangq\.stmcufinder\plugins\mcufinder//mcu/
2024-10-02 12:25:03,597 [WARN] DbFile:41 - Overriding database path with different value: C:\Users\dangq\.stmcufinder\plugins\mcufinder/ => C:\Users\dangq\.stmcufinder\plugins\mcufinder
2024-10-02 12:25:03,597 [INFO] DbMcusAds:125 - Set database path to: C:\Users\dangq\.stmcufinder\plugins\mcufinder//mcu/
2024-10-02 12:25:03,597 [WARN] DbFile:41 - Overriding database path with different value: C:\Users\dangq\.stmcufinder\plugins\mcufinder/ => C:\Users\dangq\.stmcufinder\plugins\mcufinder
2024-10-02 12:25:03,597 [WARN] DbFile:41 - Overriding database path with different value: C:\Users\dangq\.stmcufinder\plugins\mcufinder/ => C:\Users\dangq\.stmcufinder\plugins\mcufinder
2024-10-02 12:25:04,382 [INFO] CrossReferenceDbSqlite:203 - Set database path to: C:\Users\dangq\.stmcufinder\plugins\mcufinder//mcu/cs/
2024-10-02 12:25:04,411 [INFO] ApplicationProperties:184 - Using Application install path: C:\STM32\STM32CubeIDE_1.16.0\STM32CubeIDE\plugins\com.st.stm32cube.common.mx_6.12.0.202406281431
2024-10-02 12:25:04,413 [INFO] PluginManage:196 - Search for loadable plugins [exclusion list=, ]
2024-10-02 12:25:04,416 [INFO] PluginManage:310 - Check plugin analytics
2024-10-02 12:25:05,487 [INFO] AnalyticsPlugin:253 - Accepted Software Licenses: 
2024-10-02 12:25:05,487 [INFO] AnalyticsPlugin:255 - Accepted CMSIS Pack Licenses: 
2024-10-02 12:25:05,487 [INFO] AnalyticsPlugin:257 - Accepted Firmware Licenses: 
2024-10-02 12:25:05,490 [INFO] PluginManage:359 - Loaded plugin analytics (category:tool,tabindex:-1)
2024-10-02 12:25:05,490 [INFO] PluginManage:310 - Check plugin cadmodel
2024-10-02 12:25:05,496 [INFO] CADModel:105 - Init CAD model plugin
2024-10-02 12:25:05,496 [INFO] PluginManage:359 - Loaded plugin cadmodel (category:power,tabindex:5)
2024-10-02 12:25:05,497 [INFO] PluginManage:310 - Check plugin clock
2024-10-02 12:25:05,507 [INFO] PluginManage:359 - Loaded plugin clock (category:base,tabindex:2)
2024-10-02 12:25:05,509 [INFO] PluginManage:310 - Check plugin ddr
2024-10-02 12:25:05,511 [INFO] PluginManage:359 - Loaded plugin ddr (category:tool,tabindex:6)
2024-10-02 12:25:05,511 [INFO] PluginManage:310 - Check plugin filemanager
2024-10-02 12:25:05,668 [INFO] PluginManage:359 - Loaded plugin filemanager (category:base,tabindex:10)
2024-10-02 12:25:05,668 [INFO] PluginManage:310 - Check plugin ipmanager
2024-10-02 12:25:05,674 [INFO] PluginManage:359 - Loaded plugin ipmanager (category:base,tabindex:5)
2024-10-02 12:25:05,674 [INFO] PluginManage:310 - Check plugin lpbam
2024-10-02 12:25:05,684 [INFO] PluginManage:359 - Loaded plugin lpbam (category:base,tabindex:0)
2024-10-02 12:25:05,684 [INFO] PluginManage:310 - Check plugin memorymap
2024-10-02 12:25:05,696 [INFO] PluginManage:359 - Loaded plugin memorymap (category:base,tabindex:4)
2024-10-02 12:25:05,697 [INFO] PluginManage:310 - Check plugin pinoutandconfiguration
2024-10-02 12:25:05,702 [INFO] PluginManage:359 - Loaded plugin pinoutandconfiguration (category:base,tabindex:1)
2024-10-02 12:25:05,702 [INFO] PluginManage:310 - Check plugin pinoutconfig
2024-10-02 12:25:05,839 [WARN] SupportedApi:132 - Cannot load RTOS API schema: s4s-elt-must-match.1: The content of 'definitions' must match (annotation?, (simpleType | complexType)?, (unique | key | keyref)*)). A problem was found starting at: attribute.
2024-10-02 12:25:05,995 [INFO] PluginManage:359 - Loaded plugin pinoutconfig (category:base,tabindex:0)
2024-10-02 12:25:05,995 [INFO] PluginManage:310 - Check plugin power
2024-10-02 12:25:06,003 [INFO] PluginManage:359 - Loaded plugin power (category:power,tabindex:4)
2024-10-02 12:25:06,003 [INFO] PluginManage:310 - Check plugin projectmanager
2024-10-02 12:25:06,021 [INFO] PluginManage:359 - Loaded plugin projectmanager (category:projectmanager,tabindex:4)
2024-10-02 12:25:06,021 [INFO] PluginManage:310 - Check plugin rif
2024-10-02 12:25:06,026 [INFO] PluginManage:359 - Loaded plugin rif (category:base,tabindex:3)
2024-10-02 12:25:06,027 [INFO] PluginManage:310 - Check plugin thirdparty
2024-10-02 12:25:06,173 [INFO] PluginManage:359 - Loaded plugin thirdparty (category:base,tabindex:-1)
2024-10-02 12:25:06,173 [WARN] IntegrityCheckThread:84 - waiting for thirdparty lock release [integrity check]
2024-10-02 12:25:06,174 [INFO] PluginManage:310 - Check plugin tools
2024-10-02 12:25:06,174 [INFO] IntegrityCheckThread:86 - entering critical section [integrity check]
2024-10-02 12:25:06,174 [INFO] ThirdPartyUpdaterWithRetryManager:70 - Updater plugin not ready yet. [1/15]
2024-10-02 12:25:06,176 [INFO] PluginManage:359 - Loaded plugin tools (category:base,tabindex:7)
2024-10-02 12:25:06,176 [INFO] PluginManage:310 - Check plugin tutovideos
2024-10-02 12:25:06,379 [INFO] PluginManage:359 - Loaded plugin tutovideos (category:base,tabindex:-1)
2024-10-02 12:25:06,380 [INFO] PluginManage:310 - Check plugin updater
2024-10-02 12:25:06,401 [INFO] PluginManage:359 - Loaded plugin updater (category:base,tabindex:12)
2024-10-02 12:25:06,402 [INFO] PluginManage:310 - Check plugin userauth
2024-10-02 12:25:06,408 [INFO] UserAuth:113 - Init User Auth plugin
2024-10-02 12:25:06,408 [INFO] PluginManage:359 - Loaded plugin userauth (category:base,tabindex:14)
2024-10-02 12:25:06,409 [INFO] PluginManage:283 - PluginManage : Loaded plugins [18]
2024-10-02 12:25:06,638 [INFO] PinOutPanel:1561 - setPackage(No Configuration,No Configuration)
2024-10-02 12:25:06,737 [INFO] CADModel:165 - CPN selected for project level
2024-10-02 12:25:06,737 [INFO] CADModel:114 - Register for checkConnection events
2024-10-02 12:25:06,756 [INFO] IPUIPlugin:80 - create IPUIPlugin
2024-10-02 12:25:06,756 [INFO] PluginManager:220 - loadIPPluginJar : add adc
2024-10-02 12:25:06,759 [INFO] IPUIPlugin:80 - create IPUIPlugin
2024-10-02 12:25:06,759 [INFO] PluginManager:220 - loadIPPluginJar : add aes
2024-10-02 12:25:06,761 [INFO] IPUIPlugin:80 - create IPUIPlugin
2024-10-02 12:25:06,761 [INFO] PluginManager:220 - loadIPPluginJar : add can
2024-10-02 12:25:06,763 [INFO] IPUIPlugin:80 - create IPUIPlugin
2024-10-02 12:25:06,764 [INFO] PluginManager:220 - loadIPPluginJar : add comp
2024-10-02 12:25:06,766 [INFO] IPUIPlugin:80 - create IPUIPlugin
2024-10-02 12:25:06,768 [INFO] PluginManager:220 - loadIPPluginJar : add cryp
2024-10-02 12:25:06,771 [INFO] IPUIPlugin:80 - create IPUIPlugin
2024-10-02 12:25:06,771 [INFO] PluginManager:220 - loadIPPluginJar : add ddr_ctrl_phy
2024-10-02 12:25:06,773 [INFO] IPUIPlugin:80 - create IPUIPlugin
2024-10-02 12:25:06,773 [INFO] PluginManager:220 - loadIPPluginJar : add dfsdm
2024-10-02 12:25:06,779 [INFO] IPUIPlugin:80 - create IPUIPlugin
2024-10-02 12:25:06,781 [INFO] PluginManager:220 - loadIPPluginJar : add dma
2024-10-02 12:25:06,784 [INFO] IPUIPlugin:80 - create IPUIPlugin
2024-10-02 12:25:06,784 [INFO] PluginManager:220 - loadIPPluginJar : add dma3
2024-10-02 12:25:06,787 [INFO] IPUIPlugin:80 - create IPUIPlugin
2024-10-02 12:25:06,788 [INFO] PluginManager:220 - loadIPPluginJar : add extmemmanager
2024-10-02 12:25:06,789 [INFO] IPUIPlugin:80 - create IPUIPlugin
2024-10-02 12:25:06,789 [INFO] PluginManager:220 - loadIPPluginJar : add fatfs
2024-10-02 12:25:06,793 [INFO] IPUIPlugin:80 - create IPUIPlugin
2024-10-02 12:25:06,793 [INFO] PluginManager:220 - loadIPPluginJar : add fmc
2024-10-02 12:25:06,801 [INFO] IPUIPlugin:80 - create IPUIPlugin
2024-10-02 12:25:06,801 [INFO] PluginManager:220 - loadIPPluginJar : add freertos
2024-10-02 12:25:06,802 [INFO] IPUIPlugin:80 - create IPUIPlugin
2024-10-02 12:25:06,803 [INFO] PluginManager:220 - loadIPPluginJar : add genericplugin
2024-10-02 12:25:06,804 [INFO] IPUIPlugin:80 - create IPUIPlugin
2024-10-02 12:25:06,804 [INFO] PluginManager:220 - loadIPPluginJar : add gfxmmu
2024-10-02 12:25:06,809 [INFO] IPUIPlugin:80 - create IPUIPlugin
2024-10-02 12:25:06,809 [INFO] PluginManager:220 - loadIPPluginJar : add gic
2024-10-02 12:25:06,815 [INFO] IPUIPlugin:80 - create IPUIPlugin
2024-10-02 12:25:06,816 [INFO] PluginManager:220 - loadIPPluginJar : add gpio
2024-10-02 12:25:06,819 [INFO] IPUIPlugin:80 - create IPUIPlugin
2024-10-02 12:25:06,819 [INFO] PluginManager:220 - loadIPPluginJar : add gtzc
2024-10-02 12:25:06,821 [INFO] IPUIPlugin:80 - create IPUIPlugin
2024-10-02 12:25:06,821 [INFO] PluginManager:220 - loadIPPluginJar : add hash
2024-10-02 12:25:06,824 [INFO] IPUIPlugin:80 - create IPUIPlugin
2024-10-02 12:25:06,824 [INFO] PluginManager:220 - loadIPPluginJar : add i2c
2024-10-02 12:25:06,826 [INFO] IPUIPlugin:80 - create IPUIPlugin
2024-10-02 12:25:06,826 [INFO] PluginManager:220 - loadIPPluginJar : add i2s
2024-10-02 12:25:06,830 [INFO] IPUIPlugin:80 - create IPUIPlugin
2024-10-02 12:25:06,830 [INFO] PluginManager:220 - loadIPPluginJar : add i3c
2024-10-02 12:25:06,836 [INFO] IPUIPlugin:80 - create IPUIPlugin
2024-10-02 12:25:06,836 [INFO] PluginManager:220 - loadIPPluginJar : add ipddr
2024-10-02 12:25:06,844 [INFO] IPUIPlugin:80 - create IPUIPlugin
2024-10-02 12:25:06,844 [INFO] PluginManager:220 - loadIPPluginJar : add linkedlist
2024-10-02 12:25:06,849 [INFO] IPUIPlugin:80 - create IPUIPlugin
2024-10-02 12:25:06,850 [INFO] PluginManager:220 - loadIPPluginJar : add lorawan
2024-10-02 12:25:06,851 [INFO] IPUIPlugin:80 - create IPUIPlugin
2024-10-02 12:25:06,852 [INFO] PluginManager:220 - loadIPPluginJar : add ltdc
2024-10-02 12:25:06,857 [INFO] IPUIPlugin:80 - create IPUIPlugin
2024-10-02 12:25:06,857 [INFO] PluginManager:220 - loadIPPluginJar : add mdma
2024-10-02 12:25:06,860 [INFO] IPUIPlugin:80 - create IPUIPlugin
2024-10-02 12:25:06,860 [INFO] PluginManager:220 - loadIPPluginJar : add nvic
2024-10-02 12:25:06,865 [INFO] IPUIPlugin:80 - create IPUIPlugin
2024-10-02 12:25:06,865 [INFO] PluginManager:220 - loadIPPluginJar : add opamp
2024-10-02 12:25:06,869 [INFO] IPUIPlugin:80 - create IPUIPlugin
2024-10-02 12:25:06,870 [INFO] PluginManager:220 - loadIPPluginJar : add openamp
2024-10-02 12:25:06,872 [INFO] IPUIPlugin:80 - create IPUIPlugin
2024-10-02 12:25:06,873 [INFO] PluginManager:220 - loadIPPluginJar : add pdm2pcm
2024-10-02 12:25:06,880 [INFO] IPUIPlugin:80 - create IPUIPlugin
2024-10-02 12:25:06,885 [INFO] PluginManager:220 - loadIPPluginJar : add plateformsettings
2024-10-02 12:25:06,886 [INFO] IPUIPlugin:80 - create IPUIPlugin
2024-10-02 12:25:06,886 [INFO] PluginManager:220 - loadIPPluginJar : add quadspi
2024-10-02 12:25:06,888 [INFO] IPUIPlugin:80 - create IPUIPlugin
2024-10-02 12:25:06,888 [INFO] PluginManager:220 - loadIPPluginJar : add radio
2024-10-02 12:25:06,892 [INFO] IPUIPlugin:80 - create IPUIPlugin
2024-10-02 12:25:06,892 [INFO] PluginManager:220 - loadIPPluginJar : add resmgrutility
2024-10-02 12:25:06,894 [INFO] IPUIPlugin:80 - create IPUIPlugin
2024-10-02 12:25:06,895 [INFO] PluginManager:220 - loadIPPluginJar : add sai
2024-10-02 12:25:06,900 [INFO] IPUIPlugin:80 - create IPUIPlugin
2024-10-02 12:25:06,900 [INFO] PluginManager:220 - loadIPPluginJar : add spi
2024-10-02 12:25:06,906 [INFO] IPUIPlugin:80 - create IPUIPlugin
2024-10-02 12:25:06,906 [INFO] PluginManager:220 - loadIPPluginJar : add stm32_wpan
2024-10-02 12:25:06,908 [INFO] IPUIPlugin:80 - create IPUIPlugin
2024-10-02 12:25:06,908 [INFO] PluginManager:220 - loadIPPluginJar : add tim
2024-10-02 12:25:06,911 [INFO] IPUIPlugin:80 - create IPUIPlugin
2024-10-02 12:25:06,912 [INFO] PluginManager:220 - loadIPPluginJar : add touchsensing
2024-10-02 12:25:06,915 [INFO] IPUIPlugin:80 - create IPUIPlugin
2024-10-02 12:25:06,915 [INFO] PluginManager:220 - loadIPPluginJar : add tracer_emb
2024-10-02 12:25:06,918 [INFO] IPUIPlugin:80 - create IPUIPlugin
2024-10-02 12:25:06,918 [INFO] PluginManager:220 - loadIPPluginJar : add ts
2024-10-02 12:25:06,919 [INFO] IPUIPlugin:80 - create IPUIPlugin
2024-10-02 12:25:06,919 [INFO] PluginManager:220 - loadIPPluginJar : add tsc
2024-10-02 12:25:06,921 [INFO] IPUIPlugin:80 - create IPUIPlugin
2024-10-02 12:25:06,921 [INFO] PluginManager:220 - loadIPPluginJar : add ucpd
2024-10-02 12:25:06,923 [INFO] IPUIPlugin:80 - create IPUIPlugin
2024-10-02 12:25:06,923 [INFO] PluginManager:220 - loadIPPluginJar : add usart
2024-10-02 12:25:06,926 [INFO] IPUIPlugin:80 - create IPUIPlugin
2024-10-02 12:25:06,926 [INFO] PluginManager:220 - loadIPPluginJar : add usbx
2024-10-02 12:25:07,059 [INFO] CADModel:165 - CPN selected for project level
2024-10-02 12:25:07,059 [INFO] CADModel:114 - Register for checkConnection events
2024-10-02 12:25:07,059 [FATAL] Updater:334 - Updater called before beeing initialized
2024-10-02 12:25:07,059 [ERROR] CADModel:125 - Updater not yet initialized, retry later 
2024-10-02 12:25:07,291 [INFO] CADModel:165 - CPN selected for project level
2024-10-02 12:25:07,291 [INFO] CADModel:114 - Register for checkConnection events
2024-10-02 12:25:07,291 [FATAL] Updater:334 - Updater called before beeing initialized
2024-10-02 12:25:07,291 [ERROR] CADModel:125 - Updater not yet initialized, retry later 
2024-10-02 12:25:07,297 [FATAL] Updater:334 - Updater called before beeing initialized
2024-10-02 12:25:07,433 [FATAL] Updater:334 - Updater called before beeing initialized
2024-10-02 12:25:07,440 [INFO] DbMcusAds:53 - JSON generation date=Fri Sep 20 20:04:23 ICT 2024 (1726837463113)
2024-10-02 12:25:07,440 [FATAL] Updater:334 - Updater called before beeing initialized
2024-10-02 12:25:07,487 [WARN] DetailPanel:346 - Failed to get advertising image, set to default
2024-10-02 12:25:07,584 [FATAL] Updater:334 - Updater called before beeing initialized
2024-10-02 12:25:07,585 [FATAL] Updater:334 - Updater called before beeing initialized
2024-10-02 12:25:07,585 [FATAL] Updater:334 - Updater called before beeing initialized
2024-10-02 12:25:07,585 [WARN] DetailPanel:346 - Failed to get advertising image, set to default
2024-10-02 12:25:07,586 [FATAL] Updater:334 - Updater called before beeing initialized
2024-10-02 12:25:07,636 [ERROR] Updater:1164 - MainUpdater not yet initialized. External WinMGr cannot be set.
2024-10-02 12:25:07,638 [INFO] Updater:1100 - Updater Version found : 6.12.0
2024-10-02 12:25:07,659 [INFO] ApplicationProperties:184 - Using Application install path: C:\STM32\STM32CubeIDE_1.16.0\STM32CubeIDE\plugins\com.st.stm32cube.common.mx_6.12.0.202406281431
2024-10-02 12:25:09,175 [INFO] ThirdPartyUpdaterWithRetryManager:70 - Updater plugin not ready yet. [2/15]
2024-10-02 12:25:09,234 [ERROR] LogOutputStream:75 - [STDERR_REDIRECT] Oct 02, 2024 12:25:09 PM java.util.prefs.WindowsPreferences <init>
2024-10-02 12:25:09,236 [ERROR] LogOutputStream:75 - [STDERR_REDIRECT] WARNING: Could not open/create prefs root node Software\JavaSoft\Prefs at root 0xffffffff80000002. Windows RegCreateKeyEx(...) returned error code 5.
2024-10-02 12:25:09,236 [ERROR] LogOutputStream:75 - [STDERR_REDIRECT] 
2024-10-02 12:25:09,732 [INFO] MainUpdater:2873 - connection check result : 10
2024-10-02 12:25:09,733 [INFO] MainUpdater:290 - Updater Check For Update Now.
2024-10-02 12:25:09,733 [INFO] MicroXplorer:498 - Change Database Version : DB.6.0.120
2024-10-02 12:25:09,746 [INFO] McuFinderGlobals:63 - Set McuFinder mode to 2 (CubeIDE integrated)
2024-10-02 12:25:09,746 [INFO] UserAuth:179 - activating auth plugin
2024-10-02 12:25:09,750 [INFO] UserAuth:417 - Internet connection configuration mode: 1
2024-10-02 12:25:09,798 [INFO] JxBrowserEngine:152 - Initiate JxBrowser Engine with user profile folder
2024-10-02 12:25:09,948 [INFO] CheckServerUpdateThread:120 - End of CheckServer Thread
2024-10-02 12:25:11,069 [INFO] WebApp:167 - Instantiating new browser for Auth
2024-10-02 12:25:12,692 [WARN] PackLoader:240 - Cannot read IP mode file for STMicroelectronics.FP-SNS-MOTENVWB1.1.4.0
2024-10-02 12:25:12,716 [WARN] PackLoader:240 - Cannot read IP mode file for STMicroelectronics.X-CUBE-SMBUS.2.1.0
2024-10-02 12:25:12,781 [WARN] PackLoader:240 - Cannot read IP mode file for STMicroelectronics.X-CUBE-AZRTOS-F7.1.1.0
2024-10-02 12:25:12,802 [INFO] WebApp:448 - Apply proxy settings
2024-10-02 12:25:12,802 [INFO] WebApp:533 - Chromium requires no authentication
2024-10-02 12:25:12,836 [INFO] WebApp:476 - Direct internet connection detected
2024-10-02 12:25:12,905 [INFO] WebApp:869 - Register for checkConnection events
2024-10-02 12:25:12,906 [INFO] WebApp:448 - Apply proxy settings
2024-10-02 12:25:12,906 [INFO] WebApp:533 - Chromium requires no authentication
2024-10-02 12:25:12,907 [INFO] WebApp:476 - Direct internet connection detected
2024-10-02 12:25:13,039 [WARN] PackLoader:240 - Cannot read IP mode file for STMicroelectronics.X-CUBE-MEMS1.11.0.0
2024-10-02 12:25:13,353 [WARN] PackLoader:240 - Cannot read IP mode file for STMicroelectronics.FP-SNS-FLIGHT1.5.0.2
2024-10-02 12:25:13,368 [WARN] PackLoader:240 - Cannot read IP mode file for STMicroelectronics.X-CUBE-DISPLAY.3.0.0
2024-10-02 12:25:13,369 [INFO] WebApp:186 - Connection restablished
2024-10-02 12:25:13,386 [WARN] PackLoader:240 - Cannot read IP mode file for STMicroelectronics.X-CUBE-BLE1.7.0.0
2024-10-02 12:25:13,410 [WARN] PackLoader:240 - Cannot read IP mode file for STMicroelectronics.X-CUBE-NFC10.1.0.0
2024-10-02 12:25:13,552 [WARN] PackLoader:240 - Cannot read IP mode file for emotas.I-CUBE-CANOPEN.1.3.0
2024-10-02 12:25:13,576 [WARN] PackLoader:240 - Cannot read IP mode file for STMicroelectronics.X-CUBE-BLEMGR.3.1.0
2024-10-02 12:25:13,592 [WARN] PackLoader:240 - Cannot read IP mode file for STMicroelectronics.FP-SNS-SMARTAG2.1.2.0
2024-10-02 12:25:13,613 [INFO] LogOutputStream:77 - [STDOUT_REDIRECT] 1 : Invalid condition id : UX_CORESTACK_Condition cause : null
2024-10-02 12:25:13,615 [INFO] LogOutputStream:77 - [STDOUT_REDIRECT] 1 : Invalid condition id : UX_CORESTACK_Condition cause : null
2024-10-02 12:25:13,617 [INFO] LogOutputStream:77 - [STDOUT_REDIRECT] 1 : Invalid condition id : UX_CORESTACK_Condition cause : null
2024-10-02 12:25:13,619 [INFO] LogOutputStream:77 - [STDOUT_REDIRECT] 1 : Invalid condition id : UX_CORESTACK_Condition cause : null
2024-10-02 12:25:13,620 [INFO] LogOutputStream:77 - [STDOUT_REDIRECT] 1 : Invalid condition id : UX_CORESTACK_Condition cause : null
2024-10-02 12:25:13,627 [WARN] PackLoader:240 - Cannot read IP mode file for STMicroelectronics.X-CUBE-AZRTOS-WL.2.0.0
2024-10-02 12:25:13,630 [INFO] WebApp:220 - Starting web application
2024-10-02 12:25:13,630 [INFO] WebApp:578 - Web application path used C:\STM32\STM32CubeIDE_1.16.0\STM32CubeIDE\plugins\com.st.stm32cube.common.mx_6.12.0.202406281431\db\plugins\mcufinder\reactClient1\index.html
2024-10-02 12:25:13,638 [WARN] PackLoader:240 - Cannot read IP mode file for STMicroelectronics.FP-SNS-MOTENV1.5.0.0
2024-10-02 12:25:13,649 [WARN] PackLoader:240 - Cannot read IP mode file for wolfSSL.I-CUBE-wolfMQTT.1.19.0
2024-10-02 12:25:13,662 [WARN] PackLoader:240 - Cannot read IP mode file for WES.I-CUBE-Cesium.1.3.0
2024-10-02 12:25:13,672 [WARN] PackLoader:240 - Cannot read IP mode file for STMicroelectronics.X-CUBE-BLE2.3.3.0
2024-10-02 12:25:13,685 [WARN] PackLoader:240 - Cannot read IP mode file for STMicroelectronics.X-CUBE-NFC9.1.0.0
2024-10-02 12:25:13,699 [WARN] PackLoader:240 - Cannot read IP mode file for STMicroelectronics.X-CUBE-TCPP.4.1.0
2024-10-02 12:25:13,737 [WARN] PackLoader:240 - Cannot read IP mode file for STMicroelectronics.X-CUBE-AZRTOS-G0.1.1.0
2024-10-02 12:25:13,755 [WARN] PackLoader:240 - Cannot read IP mode file for STMicroelectronics.X-CUBE-SAFEA1.1.2.2
2024-10-02 12:25:13,768 [WARN] PackLoader:240 - Cannot read IP mode file for STMicroelectronics.X-CUBE-NFC4.3.0.0
2024-10-02 12:25:13,790 [WARN] PackLoader:240 - Cannot read IP mode file for EmbeddedOffice.I-CUBE-FS-RTOS.1.0.1
2024-10-02 12:25:13,791 [ERROR] ConditionMgr:805 - Attr not supported : Dmpu
2024-10-02 12:25:13,791 [ERROR] ConditionMgr:805 - Attr not supported : Dmpu
2024-10-02 12:25:13,792 [ERROR] ConditionMgr:805 - Attr not supported : Dmpu
2024-10-02 12:25:13,792 [ERROR] ConditionMgr:805 - Attr not supported : Dmpu
2024-10-02 12:25:13,792 [ERROR] ConditionMgr:805 - Attr not supported : Dmpu
2024-10-02 12:25:13,792 [ERROR] ConditionMgr:805 - Attr not supported : Dmpu
2024-10-02 12:25:13,792 [ERROR] ConditionMgr:805 - Attr not supported : Dmpu
2024-10-02 12:25:13,792 [ERROR] ConditionMgr:805 - Attr not supported : Dmpu
2024-10-02 12:25:13,792 [ERROR] ConditionMgr:805 - Attr not supported : Dmpu
2024-10-02 12:25:13,792 [ERROR] ConditionMgr:805 - Attr not supported : Dmpu
2024-10-02 12:25:13,793 [ERROR] ConditionMgr:805 - Attr not supported : Dmpu
2024-10-02 12:25:13,793 [ERROR] ConditionMgr:805 - Attr not supported : Dmpu
2024-10-02 12:25:13,793 [ERROR] ConditionMgr:805 - Attr not supported : Dmpu
2024-10-02 12:25:13,793 [ERROR] ConditionMgr:805 - Attr not supported : Dmpu
2024-10-02 12:25:13,793 [ERROR] ConditionMgr:805 - Attr not supported : Dmpu
2024-10-02 12:25:13,793 [ERROR] ConditionMgr:805 - Attr not supported : Dmpu
2024-10-02 12:25:13,793 [ERROR] ConditionMgr:805 - Attr not supported : Dmpu
2024-10-02 12:25:13,793 [ERROR] ConditionMgr:805 - Attr not supported : Dmpu
2024-10-02 12:25:13,793 [ERROR] ConditionMgr:805 - Attr not supported : Dmpu
2024-10-02 12:25:13,794 [ERROR] ConditionMgr:805 - Attr not supported : Dmpu
2024-10-02 12:25:13,794 [ERROR] ConditionMgr:805 - Attr not supported : Dmpu
2024-10-02 12:25:13,794 [ERROR] ConditionMgr:805 - Attr not supported : Dmpu
2024-10-02 12:25:13,796 [ERROR] ConditionMgr:805 - Attr not supported : Dmpu
2024-10-02 12:25:13,796 [ERROR] ConditionMgr:805 - Attr not supported : Dmpu
2024-10-02 12:25:13,797 [ERROR] ConditionMgr:805 - Attr not supported : Dmpu
2024-10-02 12:25:13,797 [ERROR] ConditionMgr:805 - Attr not supported : Dmpu
2024-10-02 12:25:13,797 [ERROR] ConditionMgr:805 - Attr not supported : Dmpu
2024-10-02 12:25:13,797 [ERROR] ConditionMgr:805 - Attr not supported : Dmpu
2024-10-02 12:25:13,797 [ERROR] ConditionMgr:805 - Attr not supported : Dmpu
2024-10-02 12:25:13,797 [ERROR] ConditionMgr:805 - Attr not supported : Dmpu
2024-10-02 12:25:13,798 [ERROR] ConditionMgr:805 - Attr not supported : Dmpu
2024-10-02 12:25:13,798 [ERROR] ConditionMgr:805 - Attr not supported : Dmpu
2024-10-02 12:25:13,798 [ERROR] ConditionMgr:805 - Attr not supported : Dmpu
2024-10-02 12:25:13,798 [ERROR] ConditionMgr:805 - Attr not supported : Dmpu
2024-10-02 12:25:13,798 [ERROR] ConditionMgr:805 - Attr not supported : Dmpu
2024-10-02 12:25:13,798 [ERROR] ConditionMgr:805 - Attr not supported : Dmpu
2024-10-02 12:25:13,798 [ERROR] ConditionMgr:805 - Attr not supported : Dmpu
2024-10-02 12:25:13,798 [ERROR] ConditionMgr:805 - Attr not supported : Dmpu
2024-10-02 12:25:13,799 [ERROR] ConditionMgr:805 - Attr not supported : Dmpu
2024-10-02 12:25:13,799 [ERROR] ConditionMgr:805 - Attr not supported : Dmpu
2024-10-02 12:25:13,799 [ERROR] ConditionMgr:805 - Attr not supported : Dmpu
2024-10-02 12:25:13,799 [ERROR] ConditionMgr:805 - Attr not supported : Dmpu
2024-10-02 12:25:13,799 [ERROR] ConditionMgr:805 - Attr not supported : Dmpu
2024-10-02 12:25:13,799 [ERROR] ConditionMgr:805 - Attr not supported : Dmpu
2024-10-02 12:25:13,799 [ERROR] ConditionMgr:805 - Attr not supported : Dmpu
2024-10-02 12:25:13,799 [ERROR] ConditionMgr:805 - Attr not supported : Dmpu
2024-10-02 12:25:13,799 [ERROR] ConditionMgr:805 - Attr not supported : Dmpu
2024-10-02 12:25:13,799 [ERROR] ConditionMgr:805 - Attr not supported : Dmpu
2024-10-02 12:25:13,800 [ERROR] ConditionMgr:805 - Attr not supported : Dmpu
2024-10-02 12:25:13,800 [ERROR] ConditionMgr:805 - Attr not supported : Dmpu
2024-10-02 12:25:13,800 [ERROR] ConditionMgr:805 - Attr not supported : Dmpu
2024-10-02 12:25:13,800 [ERROR] ConditionMgr:805 - Attr not supported : Dmpu
2024-10-02 12:25:13,800 [ERROR] ConditionMgr:805 - Attr not supported : Dmpu
2024-10-02 12:25:13,800 [ERROR] ConditionMgr:805 - Attr not supported : Dmpu
2024-10-02 12:25:13,800 [ERROR] ConditionMgr:805 - Attr not supported : Dmpu
2024-10-02 12:25:13,800 [ERROR] ConditionMgr:805 - Attr not supported : Dmpu
2024-10-02 12:25:13,801 [ERROR] ConditionMgr:805 - Attr not supported : Dmpu
2024-10-02 12:25:13,801 [ERROR] ConditionMgr:805 - Attr not supported : Dmpu
2024-10-02 12:25:13,801 [ERROR] ConditionMgr:805 - Attr not supported : Dmpu
2024-10-02 12:25:13,801 [ERROR] ConditionMgr:805 - Attr not supported : Dmpu
2024-10-02 12:25:13,801 [ERROR] ConditionMgr:805 - Attr not supported : Dmpu
2024-10-02 12:25:13,801 [ERROR] ConditionMgr:805 - Attr not supported : Dmpu
2024-10-02 12:25:13,802 [ERROR] ConditionMgr:805 - Attr not supported : Dmpu
2024-10-02 12:25:13,802 [ERROR] ConditionMgr:805 - Attr not supported : Dmpu
2024-10-02 12:25:13,812 [WARN] PackLoader:240 - Cannot read IP mode file for RealThread.X-CUBE-RT-Thread_Nano.4.1.1
2024-10-02 12:25:13,821 [WARN] PackLoader:240 - Cannot read IP mode file for STMicroelectronics.FP-ATR-SIGFOX1.3.2.0
2024-10-02 12:25:13,827 [WARN] PackLoader:240 - Cannot read IP mode file for wolfSSL.I-CUBE-wolfSSL.5.7.2
2024-10-02 12:25:13,836 [WARN] PackLoader:240 - Cannot read IP mode file for STMicroelectronics.X-CUBE-EEPRMA1.5.1.0
2024-10-02 12:25:13,865 [WARN] PackLoader:240 - Cannot read IP mode file for ITTIA_DB.I-CUBE-ITTIADB.8.9.0
2024-10-02 12:25:13,974 [WARN] PackLoader:240 - Cannot read IP mode file for SEGGER.I-CUBE-embOS.1.3.1
2024-10-02 12:25:14,067 [WARN] PackLoader:240 - Cannot read IP mode file for STMicroelectronics.X-CUBE-ALGOBUILD.1.4.0
2024-10-02 12:25:14,112 [WARN] PackLoader:240 - Cannot read IP mode file for STMicroelectronics.X-CUBE-AZRTOS-F4.1.1.0
2024-10-02 12:25:14,129 [WARN] PackLoader:240 - Cannot read IP mode file for STMicroelectronics.X-CUBE-ISPU.2.1.0
2024-10-02 12:25:14,139 [WARN] PackLoader:240 - Cannot read IP mode file for STMicroelectronics.X-CUBE-FREERTOS.1.2.0
2024-10-02 12:25:14,163 [WARN] PackLoader:240 - Cannot read IP mode file for STMicroelectronics.X-CUBE-AZRTOS-L5.2.0.0
2024-10-02 12:25:14,177 [WARN] PackLoader:240 - Cannot read IP mode file for STMicroelectronics.X-CUBE-NFC6.3.1.0
2024-10-02 12:25:14,189 [WARN] PackLoader:240 - Cannot read IP mode file for STMicroelectronics.X-CUBE-DPower.1.2.0
2024-10-02 12:25:14,197 [WARN] PackLoader:240 - Cannot read IP mode file for STMicroelectronics.X-CUBE-AI.9.0.0
2024-10-02 12:25:14,205 [WARN] PackLoader:240 - Cannot read IP mode file for STMicroelectronics.X-CUBE-NFC7.1.0.1
2024-10-02 12:25:14,237 [WARN] ConditionMgr:438 - getConditionDescription Invalid condition id : LAN8742 Phy interface Condition cause : null
2024-10-02 12:25:14,239 [WARN] PackLoader:240 - Cannot read IP mode file for STMicroelectronics.X-CUBE-AZRTOS-L4.2.0.0
2024-10-02 12:25:14,241 [WARN] ConditionMgr:1039 - genDependencies : Invalid condition id : LAN8742 Phy interface Condition cause : null
2024-10-02 12:25:14,241 [WARN] ConditionMgr:1039 - genDependencies : Invalid condition id : LAN8742 Phy interface Condition cause : null
2024-10-02 12:25:14,272 [WARN] ConditionMgr:1039 - genDependencies : Invalid condition id : LAN8742 Phy interface Condition cause : null
2024-10-02 12:25:14,288 [WARN] PackLoader:240 - Cannot read IP mode file for STMicroelectronics.X-CUBE-SFXS2LP1.4.0.0
2024-10-02 12:25:14,441 [WARN] PackLoader:240 - Cannot read IP mode file for STMicroelectronics.X-CUBE-AZRTOS-H7.3.3.0
2024-10-02 12:25:14,502 [WARN] ConditionMgr:438 - getConditionDescription Invalid condition id : UX DEVICE CLASS RTOS Condition cause : null
2024-10-02 12:25:14,503 [WARN] ConditionMgr:438 - getConditionDescription Invalid condition id : UX DEVICE CLASS RTOS Condition cause : null
2024-10-02 12:25:14,508 [WARN] PackLoader:240 - Cannot read IP mode file for STMicroelectronics.X-CUBE-AZRTOS-WB.2.0.0
2024-10-02 12:25:14,509 [WARN] ConditionMgr:1039 - genDependencies : Invalid condition id : UX DEVICE CLASS RTOS Condition cause : null
2024-10-02 12:25:14,510 [WARN] ConditionMgr:1039 - genDependencies : Invalid condition id : UX DEVICE CLASS RTOS Condition cause : null
2024-10-02 12:25:14,511 [WARN] ConditionMgr:1039 - genDependencies : Invalid condition id : UX DEVICE CLASS RTOS Condition cause : null
2024-10-02 12:25:14,511 [WARN] ConditionMgr:1039 - genDependencies : Invalid condition id : UX DEVICE CLASS RTOS Condition cause : null
2024-10-02 12:25:14,511 [WARN] ConditionMgr:1039 - genDependencies : Invalid condition id : UX DEVICE CLASS RTOS Condition cause : null
2024-10-02 12:25:14,527 [WARN] PackLoader:240 - Cannot read IP mode file for STMicroelectronics.X-CUBE-GNSS1.7.0.0
2024-10-02 12:25:14,548 [WARN] PackLoader:240 - Cannot read IP mode file for STMicroelectronics.X-CUBE-SUBG2.5.0.0
2024-10-02 12:25:14,562 [WARN] PackLoader:240 - Cannot read IP mode file for Cesanta.I-CUBE-Mongoose.7.13.0
2024-10-02 12:25:14,596 [WARN] PackLoader:240 - Cannot read IP mode file for STMicroelectronics.X-CUBE-AZRTOS-G4.2.0.0
2024-10-02 12:25:14,607 [WARN] PackLoader:240 - Cannot read IP mode file for STMicroelectronics.X-CUBE-ISPU.2.0.0
2024-10-02 12:25:14,615 [WARN] PackLoader:240 - Cannot read IP mode file for STMicroelectronics.X-CUBE-ALS.1.0.2
2024-10-02 12:25:14,627 [WARN] PackLoader:240 - Cannot read IP mode file for STMicroelectronics.X-CUBE-TOUCHGFX.4.24.0
2024-10-02 12:25:14,633 [WARN] PackLoader:240 - Cannot read IP mode file for STMicroelectronics.X-CUBE-TOUCHGFX.4.24.1
2024-10-02 12:25:14,638 [WARN] PackLoader:240 - Cannot read IP mode file for wolfSSL.I-CUBE-wolfTPM.3.4.0
2024-10-02 12:25:14,646 [WARN] PackLoader:240 - Cannot read IP mode file for portGmbH.I-Cube-SoM-uGOAL.1.1.0
2024-10-02 12:25:14,688 [WARN] PackLoader:240 - Cannot read IP mode file for STMicroelectronics.X-CUBE-AZRTOS-H7RS.1.0.0
2024-10-02 12:25:14,700 [WARN] PackLoader:240 - Cannot read IP mode file for STMicroelectronics.FP-ATR-ASTRA1.2.0.0
2024-10-02 12:25:14,723 [WARN] PackLoader:240 - Cannot read IP mode file for STMicroelectronics.X-CUBE-TOF1.3.4.2
2024-10-02 12:25:14,791 [WARN] PackLoader:240 - Cannot read IP mode file for Infineon.AIROC-Wi-Fi-Bluetooth-STM32.1.6.1
2024-10-02 12:25:14,806 [WARN] PackLoader:240 - Cannot read IP mode file for wolfSSL.I-CUBE-wolfSSH.1.4.17
2024-10-02 12:25:14,809 [INFO] ThirdParty:978 - Integrity check success = true
2024-10-02 12:25:14,809 [INFO] IntegrityCheckThread:100 - exiting critical section [integrity check]
2024-10-02 12:25:14,809 [INFO] IntegrityCheckThread:103 - End integrity checks thread
2024-10-02 12:25:16,709 [ERROR] LogOutputStream:75 - [STDERR_REDIRECT] 
2024-10-02 12:25:30,759 [INFO] Activator:176 - 


2024-10-02 12:25:30,762 [INFO] Activator:177 - !SESSION log4j initialized
2024-10-02 12:25:35,227 [INFO] LogOutputStream:77 - [STDOUT_REDIRECT] 
2024-10-02 12:25:42,405 [INFO] ApplicationProperties:184 - Using Application install path: C:\STM32\STM32CubeIDE_1.16.0\STM32CubeIDE\plugins\com.st.stm32cube.common.mx_6.12.0.202406281431
2024-10-02 12:25:42,431 [INFO] DbMcusXml:78 - Set database path to: C:\STM32\STM32CubeIDE_1.16.0\STM32CubeIDE\plugins\com.st.stm32cube.common.mx_6.12.0.202406281431\\db\/mcu/
2024-10-02 12:25:42,433 [INFO] ApiDb:274 - Set plugin database path to: C:\STM32\STM32CubeIDE_1.16.0\STM32CubeIDE\plugins\com.st.stm32cube.common.mx_6.12.0.202406281431\\db\/plugins/boardmanager/
2024-10-02 12:25:42,433 [WARN] ApiDb:259 - Overriding images path with different value:  => C:\STM32\STM32CubeIDE_1.16.0\STM32CubeIDE\plugins\com.st.stm32cube.common.mx_6.12.0.202406281431\\db\/plugins/mcufinder/images/
2024-10-02 12:25:42,440 [INFO] ApiDb:250 - Set database path to: C:\Users\dangq\.stmcufinder\plugins\mcufinder//mcu/
2024-10-02 12:25:42,442 [INFO] DbMcusAds:125 - Set database path to: C:\Users\dangq\.stmcufinder\plugins\mcufinder//mcu/
2024-10-02 12:25:43,371 [INFO] CrossReferenceDbSqlite:203 - Set database path to: C:\Users\dangq\.stmcufinder\plugins\mcufinder//mcu/cs/
2024-10-02 12:25:43,570 [INFO] RulesReader:64 - Compatibility file has been processed (297 Rules)
2024-10-02 12:25:43,674 [INFO] DbMcusXml:78 - Set database path to: C:\STM32\STM32CubeIDE_1.16.0\STM32CubeIDE\plugins\com.st.stm32cube.common.mx_6.12.0.202406281431\\db\/mcu/
2024-10-02 12:25:43,674 [INFO] ApiDb:274 - Set plugin database path to: C:\STM32\STM32CubeIDE_1.16.0\STM32CubeIDE\plugins\com.st.stm32cube.common.mx_6.12.0.202406281431\\db\/plugins/boardmanager/
2024-10-02 12:25:43,674 [INFO] ApiDb:261 - Set plugin images path to: C:\STM32\STM32CubeIDE_1.16.0\STM32CubeIDE\plugins\com.st.stm32cube.common.mx_6.12.0.202406281431\\db\/plugins/mcufinder/images/
2024-10-02 12:25:43,675 [WARN] DbFile:41 - Overriding database path with different value: C:\Users\dangq\.stmcufinder\plugins\mcufinder/ => C:\Users\dangq\.stmcufinder\plugins\mcufinder
2024-10-02 12:25:43,675 [INFO] ApiDb:250 - Set database path to: C:\Users\dangq\.stmcufinder\plugins\mcufinder//mcu/
2024-10-02 12:25:43,675 [WARN] DbFile:41 - Overriding database path with different value: C:\Users\dangq\.stmcufinder\plugins\mcufinder/ => C:\Users\dangq\.stmcufinder\plugins\mcufinder
2024-10-02 12:25:43,675 [INFO] DbMcusAds:125 - Set database path to: C:\Users\dangq\.stmcufinder\plugins\mcufinder//mcu/
2024-10-02 12:25:43,675 [WARN] DbFile:41 - Overriding database path with different value: C:\Users\dangq\.stmcufinder\plugins\mcufinder/ => C:\Users\dangq\.stmcufinder\plugins\mcufinder
2024-10-02 12:25:43,675 [WARN] DbFile:41 - Overriding database path with different value: C:\Users\dangq\.stmcufinder\plugins\mcufinder/ => C:\Users\dangq\.stmcufinder\plugins\mcufinder
2024-10-02 12:25:44,372 [INFO] CrossReferenceDbSqlite:203 - Set database path to: C:\Users\dangq\.stmcufinder\plugins\mcufinder//mcu/cs/
2024-10-02 12:25:44,495 [INFO] MainPanel:268 - HeapMemory: 268435456
2024-10-02 12:25:44,660 [INFO] DbMcusXml:78 - Set database path to: C:\STM32\STM32CubeIDE_1.16.0\STM32CubeIDE\plugins\com.st.stm32cube.common.mx_6.12.0.202406281431\\db\/mcu/
2024-10-02 12:25:44,661 [INFO] ApiDb:274 - Set plugin database path to: C:\STM32\STM32CubeIDE_1.16.0\STM32CubeIDE\plugins\com.st.stm32cube.common.mx_6.12.0.202406281431\\db\/plugins/boardmanager/
2024-10-02 12:25:44,661 [INFO] ApiDb:261 - Set plugin images path to: C:\STM32\STM32CubeIDE_1.16.0\STM32CubeIDE\plugins\com.st.stm32cube.common.mx_6.12.0.202406281431\\db\/plugins/mcufinder/images/
2024-10-02 12:25:44,661 [WARN] DbFile:41 - Overriding database path with different value: C:\Users\dangq\.stmcufinder\plugins\mcufinder/ => C:\Users\dangq\.stmcufinder\plugins\mcufinder
2024-10-02 12:25:44,661 [INFO] ApiDb:250 - Set database path to: C:\Users\dangq\.stmcufinder\plugins\mcufinder//mcu/
2024-10-02 12:25:44,662 [WARN] DbFile:41 - Overriding database path with different value: C:\Users\dangq\.stmcufinder\plugins\mcufinder/ => C:\Users\dangq\.stmcufinder\plugins\mcufinder
2024-10-02 12:25:44,662 [INFO] DbMcusAds:125 - Set database path to: C:\Users\dangq\.stmcufinder\plugins\mcufinder//mcu/
2024-10-02 12:25:44,662 [WARN] DbFile:41 - Overriding database path with different value: C:\Users\dangq\.stmcufinder\plugins\mcufinder/ => C:\Users\dangq\.stmcufinder\plugins\mcufinder
2024-10-02 12:25:44,662 [WARN] DbFile:41 - Overriding database path with different value: C:\Users\dangq\.stmcufinder\plugins\mcufinder/ => C:\Users\dangq\.stmcufinder\plugins\mcufinder
2024-10-02 12:25:45,373 [INFO] CrossReferenceDbSqlite:203 - Set database path to: C:\Users\dangq\.stmcufinder\plugins\mcufinder//mcu/cs/
2024-10-02 12:25:45,401 [INFO] ApplicationProperties:184 - Using Application install path: C:\STM32\STM32CubeIDE_1.16.0\STM32CubeIDE\plugins\com.st.stm32cube.common.mx_6.12.0.202406281431
2024-10-02 12:25:45,402 [INFO] PluginManage:196 - Search for loadable plugins [exclusion list=, ]
2024-10-02 12:25:45,405 [INFO] PluginManage:310 - Check plugin analytics
2024-10-02 12:25:46,476 [INFO] AnalyticsPlugin:253 - Accepted Software Licenses: 
2024-10-02 12:25:46,476 [INFO] AnalyticsPlugin:255 - Accepted CMSIS Pack Licenses: 
2024-10-02 12:25:46,476 [INFO] AnalyticsPlugin:257 - Accepted Firmware Licenses: 
2024-10-02 12:25:46,479 [INFO] PluginManage:359 - Loaded plugin analytics (category:tool,tabindex:-1)
2024-10-02 12:25:46,479 [INFO] PluginManage:310 - Check plugin cadmodel
2024-10-02 12:25:46,487 [INFO] CADModel:105 - Init CAD model plugin
2024-10-02 12:25:46,487 [INFO] PluginManage:359 - Loaded plugin cadmodel (category:power,tabindex:5)
2024-10-02 12:25:46,487 [INFO] PluginManage:310 - Check plugin clock
2024-10-02 12:25:46,498 [INFO] PluginManage:359 - Loaded plugin clock (category:base,tabindex:2)
2024-10-02 12:25:46,499 [INFO] PluginManage:310 - Check plugin ddr
2024-10-02 12:25:46,501 [INFO] PluginManage:359 - Loaded plugin ddr (category:tool,tabindex:6)
2024-10-02 12:25:46,502 [INFO] PluginManage:310 - Check plugin filemanager
2024-10-02 12:25:46,650 [INFO] PluginManage:359 - Loaded plugin filemanager (category:base,tabindex:10)
2024-10-02 12:25:46,650 [INFO] PluginManage:310 - Check plugin ipmanager
2024-10-02 12:25:46,657 [INFO] PluginManage:359 - Loaded plugin ipmanager (category:base,tabindex:5)
2024-10-02 12:25:46,657 [INFO] PluginManage:310 - Check plugin lpbam
2024-10-02 12:25:46,666 [INFO] PluginManage:359 - Loaded plugin lpbam (category:base,tabindex:0)
2024-10-02 12:25:46,666 [INFO] PluginManage:310 - Check plugin memorymap
2024-10-02 12:25:46,680 [INFO] PluginManage:359 - Loaded plugin memorymap (category:base,tabindex:4)
2024-10-02 12:25:46,680 [INFO] PluginManage:310 - Check plugin pinoutandconfiguration
2024-10-02 12:25:46,688 [INFO] PluginManage:359 - Loaded plugin pinoutandconfiguration (category:base,tabindex:1)
2024-10-02 12:25:46,688 [INFO] PluginManage:310 - Check plugin pinoutconfig
2024-10-02 12:25:46,776 [WARN] SupportedApi:132 - Cannot load RTOS API schema: s4s-elt-must-match.1: The content of 'definitions' must match (annotation?, (simpleType | complexType)?, (unique | key | keyref)*)). A problem was found starting at: attribute.
2024-10-02 12:25:46,921 [INFO] PluginManage:359 - Loaded plugin pinoutconfig (category:base,tabindex:0)
2024-10-02 12:25:46,922 [INFO] PluginManage:310 - Check plugin power
2024-10-02 12:25:46,931 [INFO] PluginManage:359 - Loaded plugin power (category:power,tabindex:4)
2024-10-02 12:25:46,931 [INFO] PluginManage:310 - Check plugin projectmanager
2024-10-02 12:25:46,947 [INFO] PluginManage:359 - Loaded plugin projectmanager (category:projectmanager,tabindex:4)
2024-10-02 12:25:46,947 [INFO] PluginManage:310 - Check plugin rif
2024-10-02 12:25:46,952 [INFO] PluginManage:359 - Loaded plugin rif (category:base,tabindex:3)
2024-10-02 12:25:46,953 [INFO] PluginManage:310 - Check plugin thirdparty
2024-10-02 12:25:47,083 [INFO] PluginManage:359 - Loaded plugin thirdparty (category:base,tabindex:-1)
2024-10-02 12:25:47,083 [INFO] PluginManage:310 - Check plugin tools
2024-10-02 12:25:47,083 [WARN] IntegrityCheckThread:84 - waiting for thirdparty lock release [integrity check]
2024-10-02 12:25:47,083 [INFO] IntegrityCheckThread:86 - entering critical section [integrity check]
2024-10-02 12:25:47,084 [INFO] ThirdPartyUpdaterWithRetryManager:70 - Updater plugin not ready yet. [1/15]
2024-10-02 12:25:47,086 [INFO] PluginManage:359 - Loaded plugin tools (category:base,tabindex:7)
2024-10-02 12:25:47,086 [INFO] PluginManage:310 - Check plugin tutovideos
2024-10-02 12:25:47,276 [INFO] PluginManage:359 - Loaded plugin tutovideos (category:base,tabindex:-1)
2024-10-02 12:25:47,276 [INFO] PluginManage:310 - Check plugin updater
2024-10-02 12:25:47,300 [INFO] PluginManage:359 - Loaded plugin updater (category:base,tabindex:12)
2024-10-02 12:25:47,300 [INFO] PluginManage:310 - Check plugin userauth
2024-10-02 12:25:47,310 [INFO] UserAuth:113 - Init User Auth plugin
2024-10-02 12:25:47,310 [INFO] PluginManage:359 - Loaded plugin userauth (category:base,tabindex:14)
2024-10-02 12:25:47,310 [INFO] PluginManage:283 - PluginManage : Loaded plugins [18]
2024-10-02 12:25:47,574 [INFO] PinOutPanel:1561 - setPackage(No Configuration,No Configuration)
2024-10-02 12:25:47,678 [INFO] CADModel:165 - CPN selected for project level
2024-10-02 12:25:47,678 [INFO] CADModel:114 - Register for checkConnection events
2024-10-02 12:25:47,699 [INFO] IPUIPlugin:80 - create IPUIPlugin
2024-10-02 12:25:47,699 [INFO] PluginManager:220 - loadIPPluginJar : add adc
2024-10-02 12:25:47,702 [INFO] IPUIPlugin:80 - create IPUIPlugin
2024-10-02 12:25:47,703 [INFO] PluginManager:220 - loadIPPluginJar : add aes
2024-10-02 12:25:47,706 [INFO] IPUIPlugin:80 - create IPUIPlugin
2024-10-02 12:25:47,706 [INFO] PluginManager:220 - loadIPPluginJar : add can
2024-10-02 12:25:47,708 [INFO] IPUIPlugin:80 - create IPUIPlugin
2024-10-02 12:25:47,708 [INFO] PluginManager:220 - loadIPPluginJar : add comp
2024-10-02 12:25:47,712 [INFO] IPUIPlugin:80 - create IPUIPlugin
2024-10-02 12:25:47,712 [INFO] PluginManager:220 - loadIPPluginJar : add cryp
2024-10-02 12:25:47,715 [INFO] IPUIPlugin:80 - create IPUIPlugin
2024-10-02 12:25:47,716 [INFO] PluginManager:220 - loadIPPluginJar : add ddr_ctrl_phy
2024-10-02 12:25:47,718 [INFO] IPUIPlugin:80 - create IPUIPlugin
2024-10-02 12:25:47,719 [INFO] PluginManager:220 - loadIPPluginJar : add dfsdm
2024-10-02 12:25:47,724 [INFO] IPUIPlugin:80 - create IPUIPlugin
2024-10-02 12:25:47,725 [INFO] PluginManager:220 - loadIPPluginJar : add dma
2024-10-02 12:25:47,728 [INFO] IPUIPlugin:80 - create IPUIPlugin
2024-10-02 12:25:47,728 [INFO] PluginManager:220 - loadIPPluginJar : add dma3
2024-10-02 12:25:47,731 [INFO] IPUIPlugin:80 - create IPUIPlugin
2024-10-02 12:25:47,731 [INFO] PluginManager:220 - loadIPPluginJar : add extmemmanager
2024-10-02 12:25:47,733 [INFO] IPUIPlugin:80 - create IPUIPlugin
2024-10-02 12:25:47,733 [INFO] PluginManager:220 - loadIPPluginJar : add fatfs
2024-10-02 12:25:47,737 [INFO] IPUIPlugin:80 - create IPUIPlugin
2024-10-02 12:25:47,738 [INFO] PluginManager:220 - loadIPPluginJar : add fmc
2024-10-02 12:25:47,745 [INFO] IPUIPlugin:80 - create IPUIPlugin
2024-10-02 12:25:47,745 [INFO] PluginManager:220 - loadIPPluginJar : add freertos
2024-10-02 12:25:47,747 [INFO] IPUIPlugin:80 - create IPUIPlugin
2024-10-02 12:25:47,747 [INFO] PluginManager:220 - loadIPPluginJar : add genericplugin
2024-10-02 12:25:47,749 [INFO] IPUIPlugin:80 - create IPUIPlugin
2024-10-02 12:25:47,749 [INFO] PluginManager:220 - loadIPPluginJar : add gfxmmu
2024-10-02 12:25:47,754 [INFO] IPUIPlugin:80 - create IPUIPlugin
2024-10-02 12:25:47,755 [INFO] PluginManager:220 - loadIPPluginJar : add gic
2024-10-02 12:25:47,759 [INFO] IPUIPlugin:80 - create IPUIPlugin
2024-10-02 12:25:47,759 [INFO] PluginManager:220 - loadIPPluginJar : add gpio
2024-10-02 12:25:47,761 [INFO] IPUIPlugin:80 - create IPUIPlugin
2024-10-02 12:25:47,762 [INFO] PluginManager:220 - loadIPPluginJar : add gtzc
2024-10-02 12:25:47,764 [INFO] IPUIPlugin:80 - create IPUIPlugin
2024-10-02 12:25:47,764 [INFO] PluginManager:220 - loadIPPluginJar : add hash
2024-10-02 12:25:47,766 [INFO] IPUIPlugin:80 - create IPUIPlugin
2024-10-02 12:25:47,767 [INFO] PluginManager:220 - loadIPPluginJar : add i2c
2024-10-02 12:25:47,770 [INFO] IPUIPlugin:80 - create IPUIPlugin
2024-10-02 12:25:47,770 [INFO] PluginManager:220 - loadIPPluginJar : add i2s
2024-10-02 12:25:47,773 [INFO] IPUIPlugin:80 - create IPUIPlugin
2024-10-02 12:25:47,773 [INFO] PluginManager:220 - loadIPPluginJar : add i3c
2024-10-02 12:25:47,778 [INFO] IPUIPlugin:80 - create IPUIPlugin
2024-10-02 12:25:47,778 [INFO] PluginManager:220 - loadIPPluginJar : add ipddr
2024-10-02 12:25:47,785 [INFO] IPUIPlugin:80 - create IPUIPlugin
2024-10-02 12:25:47,785 [INFO] PluginManager:220 - loadIPPluginJar : add linkedlist
2024-10-02 12:25:47,788 [INFO] IPUIPlugin:80 - create IPUIPlugin
2024-10-02 12:25:47,788 [INFO] PluginManager:220 - loadIPPluginJar : add lorawan
2024-10-02 12:25:47,790 [INFO] IPUIPlugin:80 - create IPUIPlugin
2024-10-02 12:25:47,790 [INFO] PluginManager:220 - loadIPPluginJar : add ltdc
2024-10-02 12:25:47,796 [INFO] IPUIPlugin:80 - create IPUIPlugin
2024-10-02 12:25:47,796 [INFO] PluginManager:220 - loadIPPluginJar : add mdma
2024-10-02 12:25:47,800 [INFO] IPUIPlugin:80 - create IPUIPlugin
2024-10-02 12:25:47,800 [INFO] PluginManager:220 - loadIPPluginJar : add nvic
2024-10-02 12:25:47,803 [INFO] IPUIPlugin:80 - create IPUIPlugin
2024-10-02 12:25:47,803 [INFO] PluginManager:220 - loadIPPluginJar : add opamp
2024-10-02 12:25:47,806 [INFO] IPUIPlugin:80 - create IPUIPlugin
2024-10-02 12:25:47,806 [INFO] PluginManager:220 - loadIPPluginJar : add openamp
2024-10-02 12:25:47,811 [INFO] IPUIPlugin:80 - create IPUIPlugin
2024-10-02 12:25:47,811 [INFO] PluginManager:220 - loadIPPluginJar : add pdm2pcm
2024-10-02 12:25:47,817 [INFO] IPUIPlugin:80 - create IPUIPlugin
2024-10-02 12:25:47,819 [INFO] PluginManager:220 - loadIPPluginJar : add plateformsettings
2024-10-02 12:25:47,821 [INFO] IPUIPlugin:80 - create IPUIPlugin
2024-10-02 12:25:47,821 [INFO] PluginManager:220 - loadIPPluginJar : add quadspi
2024-10-02 12:25:47,823 [INFO] IPUIPlugin:80 - create IPUIPlugin
2024-10-02 12:25:47,824 [INFO] PluginManager:220 - loadIPPluginJar : add radio
2024-10-02 12:25:47,828 [INFO] IPUIPlugin:80 - create IPUIPlugin
2024-10-02 12:25:47,828 [INFO] PluginManager:220 - loadIPPluginJar : add resmgrutility
2024-10-02 12:25:47,832 [INFO] IPUIPlugin:80 - create IPUIPlugin
2024-10-02 12:25:47,832 [INFO] PluginManager:220 - loadIPPluginJar : add sai
2024-10-02 12:25:47,834 [INFO] IPUIPlugin:80 - create IPUIPlugin
2024-10-02 12:25:47,834 [INFO] PluginManager:220 - loadIPPluginJar : add spi
2024-10-02 12:25:47,839 [INFO] IPUIPlugin:80 - create IPUIPlugin
2024-10-02 12:25:47,840 [INFO] PluginManager:220 - loadIPPluginJar : add stm32_wpan
2024-10-02 12:25:47,842 [INFO] IPUIPlugin:80 - create IPUIPlugin
2024-10-02 12:25:47,842 [INFO] PluginManager:220 - loadIPPluginJar : add tim
2024-10-02 12:25:47,847 [INFO] IPUIPlugin:80 - create IPUIPlugin
2024-10-02 12:25:47,847 [INFO] PluginManager:220 - loadIPPluginJar : add touchsensing
2024-10-02 12:25:47,849 [INFO] IPUIPlugin:80 - create IPUIPlugin
2024-10-02 12:25:47,849 [INFO] PluginManager:220 - loadIPPluginJar : add tracer_emb
2024-10-02 12:25:47,851 [INFO] IPUIPlugin:80 - create IPUIPlugin
2024-10-02 12:25:47,851 [INFO] PluginManager:220 - loadIPPluginJar : add ts
2024-10-02 12:25:47,853 [INFO] IPUIPlugin:80 - create IPUIPlugin
2024-10-02 12:25:47,853 [INFO] PluginManager:220 - loadIPPluginJar : add tsc
2024-10-02 12:25:47,855 [INFO] IPUIPlugin:80 - create IPUIPlugin
2024-10-02 12:25:47,855 [INFO] PluginManager:220 - loadIPPluginJar : add ucpd
2024-10-02 12:25:47,858 [INFO] IPUIPlugin:80 - create IPUIPlugin
2024-10-02 12:25:47,858 [INFO] PluginManager:220 - loadIPPluginJar : add usart
2024-10-02 12:25:47,862 [INFO] IPUIPlugin:80 - create IPUIPlugin
2024-10-02 12:25:47,862 [INFO] PluginManager:220 - loadIPPluginJar : add usbx
2024-10-02 12:25:47,983 [INFO] CADModel:165 - CPN selected for project level
2024-10-02 12:25:47,983 [INFO] CADModel:114 - Register for checkConnection events
2024-10-02 12:25:47,983 [FATAL] Updater:334 - Updater called before beeing initialized
2024-10-02 12:25:47,983 [ERROR] CADModel:125 - Updater not yet initialized, retry later 
2024-10-02 12:25:48,180 [INFO] CADModel:165 - CPN selected for project level
2024-10-02 12:25:48,180 [INFO] CADModel:114 - Register for checkConnection events
2024-10-02 12:25:48,180 [FATAL] Updater:334 - Updater called before beeing initialized
2024-10-02 12:25:48,180 [ERROR] CADModel:125 - Updater not yet initialized, retry later 
2024-10-02 12:25:48,184 [FATAL] Updater:334 - Updater called before beeing initialized
2024-10-02 12:25:48,277 [FATAL] Updater:334 - Updater called before beeing initialized
2024-10-02 12:25:48,282 [INFO] DbMcusAds:53 - JSON generation date=Fri Sep 20 20:04:23 ICT 2024 (1726837463113)
2024-10-02 12:25:48,282 [FATAL] Updater:334 - Updater called before beeing initialized
2024-10-02 12:25:48,322 [WARN] DetailPanel:346 - Failed to get advertising image, set to default
2024-10-02 12:25:48,451 [FATAL] Updater:334 - Updater called before beeing initialized
2024-10-02 12:25:48,454 [FATAL] Updater:334 - Updater called before beeing initialized
2024-10-02 12:25:48,454 [FATAL] Updater:334 - Updater called before beeing initialized
2024-10-02 12:25:48,454 [WARN] DetailPanel:346 - Failed to get advertising image, set to default
2024-10-02 12:25:48,455 [FATAL] Updater:334 - Updater called before beeing initialized
2024-10-02 12:25:48,509 [ERROR] Updater:1164 - MainUpdater not yet initialized. External WinMGr cannot be set.
2024-10-02 12:25:48,511 [INFO] Updater:1100 - Updater Version found : 6.12.0
2024-10-02 12:25:48,531 [INFO] ApplicationProperties:184 - Using Application install path: C:\STM32\STM32CubeIDE_1.16.0\STM32CubeIDE\plugins\com.st.stm32cube.common.mx_6.12.0.202406281431
2024-10-02 12:25:50,084 [INFO] ThirdPartyUpdaterWithRetryManager:70 - Updater plugin not ready yet. [2/15]
2024-10-02 12:25:50,112 [ERROR] LogOutputStream:75 - [STDERR_REDIRECT] Oct 02, 2024 12:25:50 PM java.util.prefs.WindowsPreferences <init>
2024-10-02 12:25:50,114 [ERROR] LogOutputStream:75 - [STDERR_REDIRECT] WARNING: Could not open/create prefs root node Software\JavaSoft\Prefs at root 0xffffffff80000002. Windows RegCreateKeyEx(...) returned error code 5.
2024-10-02 12:25:50,114 [ERROR] LogOutputStream:75 - [STDERR_REDIRECT] 
2024-10-02 12:25:50,817 [INFO] MainUpdater:2873 - connection check result : 10
2024-10-02 12:25:50,818 [INFO] MainUpdater:290 - Updater Check For Update Now.
2024-10-02 12:25:50,818 [INFO] MicroXplorer:498 - Change Database Version : DB.6.0.120
2024-10-02 12:25:50,826 [INFO] McuFinderGlobals:63 - Set McuFinder mode to 2 (CubeIDE integrated)
2024-10-02 12:25:50,826 [INFO] UserAuth:179 - activating auth plugin
2024-10-02 12:25:50,830 [INFO] UserAuth:417 - Internet connection configuration mode: 1
2024-10-02 12:25:50,851 [INFO] JxBrowserEngine:152 - Initiate JxBrowser Engine with user profile folder
2024-10-02 12:25:51,036 [INFO] CheckServerUpdateThread:120 - End of CheckServer Thread
2024-10-02 12:25:52,503 [INFO] WebApp:167 - Instantiating new browser for Auth
2024-10-02 12:25:53,351 [WARN] PackLoader:240 - Cannot read IP mode file for STMicroelectronics.FP-SNS-MOTENVWB1.1.4.0
2024-10-02 12:25:53,373 [WARN] PackLoader:240 - Cannot read IP mode file for STMicroelectronics.X-CUBE-SMBUS.2.1.0
2024-10-02 12:25:53,433 [WARN] PackLoader:240 - Cannot read IP mode file for STMicroelectronics.X-CUBE-AZRTOS-F7.1.1.0
2024-10-02 12:25:53,564 [WARN] PackLoader:240 - Cannot read IP mode file for STMicroelectronics.X-CUBE-MEMS1.11.0.0
2024-10-02 12:25:53,802 [WARN] PackLoader:240 - Cannot read IP mode file for STMicroelectronics.FP-SNS-FLIGHT1.5.0.2
2024-10-02 12:25:53,815 [WARN] PackLoader:240 - Cannot read IP mode file for STMicroelectronics.X-CUBE-DISPLAY.3.0.0
2024-10-02 12:25:53,830 [WARN] PackLoader:240 - Cannot read IP mode file for STMicroelectronics.X-CUBE-BLE1.7.0.0
2024-10-02 12:25:53,838 [WARN] PackLoader:240 - Cannot read IP mode file for STMicroelectronics.X-CUBE-NFC10.1.0.0
2024-10-02 12:25:53,848 [WARN] PackLoader:240 - Cannot read IP mode file for emotas.I-CUBE-CANOPEN.1.3.0
2024-10-02 12:25:53,860 [WARN] PackLoader:240 - Cannot read IP mode file for STMicroelectronics.X-CUBE-BLEMGR.3.1.0
2024-10-02 12:25:53,870 [WARN] PackLoader:240 - Cannot read IP mode file for STMicroelectronics.FP-SNS-SMARTAG2.1.2.0
2024-10-02 12:25:53,884 [INFO] LogOutputStream:77 - [STDOUT_REDIRECT] 1 : Invalid condition id : UX_CORESTACK_Condition cause : null
2024-10-02 12:25:53,885 [INFO] LogOutputStream:77 - [STDOUT_REDIRECT] 1 : Invalid condition id : UX_CORESTACK_Condition cause : null
2024-10-02 12:25:53,887 [INFO] LogOutputStream:77 - [STDOUT_REDIRECT] 1 : Invalid condition id : UX_CORESTACK_Condition cause : null
2024-10-02 12:25:53,890 [INFO] LogOutputStream:77 - [STDOUT_REDIRECT] 1 : Invalid condition id : UX_CORESTACK_Condition cause : null
2024-10-02 12:25:53,892 [INFO] LogOutputStream:77 - [STDOUT_REDIRECT] 1 : Invalid condition id : UX_CORESTACK_Condition cause : null
2024-10-02 12:25:53,897 [WARN] PackLoader:240 - Cannot read IP mode file for STMicroelectronics.X-CUBE-AZRTOS-WL.2.0.0
2024-10-02 12:25:53,906 [WARN] PackLoader:240 - Cannot read IP mode file for STMicroelectronics.FP-SNS-MOTENV1.5.0.0
2024-10-02 12:25:53,914 [WARN] PackLoader:240 - Cannot read IP mode file for wolfSSL.I-CUBE-wolfMQTT.1.19.0
2024-10-02 12:25:53,929 [WARN] PackLoader:240 - Cannot read IP mode file for WES.I-CUBE-Cesium.1.3.0
2024-10-02 12:25:53,938 [WARN] PackLoader:240 - Cannot read IP mode file for STMicroelectronics.X-CUBE-BLE2.3.3.0
2024-10-02 12:25:53,949 [WARN] PackLoader:240 - Cannot read IP mode file for STMicroelectronics.X-CUBE-NFC9.1.0.0
2024-10-02 12:25:53,963 [WARN] PackLoader:240 - Cannot read IP mode file for STMicroelectronics.X-CUBE-TCPP.4.1.0
2024-10-02 12:25:54,003 [WARN] PackLoader:240 - Cannot read IP mode file for STMicroelectronics.X-CUBE-AZRTOS-G0.1.1.0
2024-10-02 12:25:54,017 [WARN] PackLoader:240 - Cannot read IP mode file for STMicroelectronics.X-CUBE-SAFEA1.1.2.2
2024-10-02 12:25:54,030 [WARN] PackLoader:240 - Cannot read IP mode file for STMicroelectronics.X-CUBE-NFC4.3.0.0
2024-10-02 12:25:54,046 [WARN] PackLoader:240 - Cannot read IP mode file for EmbeddedOffice.I-CUBE-FS-RTOS.1.0.1
2024-10-02 12:25:54,048 [ERROR] ConditionMgr:805 - Attr not supported : Dmpu
2024-10-02 12:25:54,048 [ERROR] ConditionMgr:805 - Attr not supported : Dmpu
2024-10-02 12:25:54,048 [ERROR] ConditionMgr:805 - Attr not supported : Dmpu
2024-10-02 12:25:54,048 [ERROR] ConditionMgr:805 - Attr not supported : Dmpu
2024-10-02 12:25:54,048 [ERROR] ConditionMgr:805 - Attr not supported : Dmpu
2024-10-02 12:25:54,048 [ERROR] ConditionMgr:805 - Attr not supported : Dmpu
2024-10-02 12:25:54,048 [ERROR] ConditionMgr:805 - Attr not supported : Dmpu
2024-10-02 12:25:54,048 [ERROR] ConditionMgr:805 - Attr not supported : Dmpu
2024-10-02 12:25:54,049 [ERROR] ConditionMgr:805 - Attr not supported : Dmpu
2024-10-02 12:25:54,049 [ERROR] ConditionMgr:805 - Attr not supported : Dmpu
2024-10-02 12:25:54,049 [ERROR] ConditionMgr:805 - Attr not supported : Dmpu
2024-10-02 12:25:54,049 [ERROR] ConditionMgr:805 - Attr not supported : Dmpu
2024-10-02 12:25:54,049 [ERROR] ConditionMgr:805 - Attr not supported : Dmpu
2024-10-02 12:25:54,049 [ERROR] ConditionMgr:805 - Attr not supported : Dmpu
2024-10-02 12:25:54,049 [ERROR] ConditionMgr:805 - Attr not supported : Dmpu
2024-10-02 12:25:54,050 [ERROR] ConditionMgr:805 - Attr not supported : Dmpu
2024-10-02 12:25:54,050 [ERROR] ConditionMgr:805 - Attr not supported : Dmpu
2024-10-02 12:25:54,050 [ERROR] ConditionMgr:805 - Attr not supported : Dmpu
2024-10-02 12:25:54,050 [ERROR] ConditionMgr:805 - Attr not supported : Dmpu
2024-10-02 12:25:54,050 [ERROR] ConditionMgr:805 - Attr not supported : Dmpu
2024-10-02 12:25:54,050 [ERROR] ConditionMgr:805 - Attr not supported : Dmpu
2024-10-02 12:25:54,050 [ERROR] ConditionMgr:805 - Attr not supported : Dmpu
2024-10-02 12:25:54,050 [ERROR] ConditionMgr:805 - Attr not supported : Dmpu
2024-10-02 12:25:54,050 [ERROR] ConditionMgr:805 - Attr not supported : Dmpu
2024-10-02 12:25:54,050 [ERROR] ConditionMgr:805 - Attr not supported : Dmpu
2024-10-02 12:25:54,051 [ERROR] ConditionMgr:805 - Attr not supported : Dmpu
2024-10-02 12:25:54,051 [ERROR] ConditionMgr:805 - Attr not supported : Dmpu
2024-10-02 12:25:54,051 [ERROR] ConditionMgr:805 - Attr not supported : Dmpu
2024-10-02 12:25:54,051 [ERROR] ConditionMgr:805 - Attr not supported : Dmpu
2024-10-02 12:25:54,051 [ERROR] ConditionMgr:805 - Attr not supported : Dmpu
2024-10-02 12:25:54,051 [ERROR] ConditionMgr:805 - Attr not supported : Dmpu
2024-10-02 12:25:54,051 [ERROR] ConditionMgr:805 - Attr not supported : Dmpu
2024-10-02 12:25:54,051 [ERROR] ConditionMgr:805 - Attr not supported : Dmpu
2024-10-02 12:25:54,051 [ERROR] ConditionMgr:805 - Attr not supported : Dmpu
2024-10-02 12:25:54,051 [ERROR] ConditionMgr:805 - Attr not supported : Dmpu
2024-10-02 12:25:54,051 [ERROR] ConditionMgr:805 - Attr not supported : Dmpu
2024-10-02 12:25:54,052 [ERROR] ConditionMgr:805 - Attr not supported : Dmpu
2024-10-02 12:25:54,052 [ERROR] ConditionMgr:805 - Attr not supported : Dmpu
2024-10-02 12:25:54,052 [ERROR] ConditionMgr:805 - Attr not supported : Dmpu
2024-10-02 12:25:54,052 [ERROR] ConditionMgr:805 - Attr not supported : Dmpu
2024-10-02 12:25:54,052 [ERROR] ConditionMgr:805 - Attr not supported : Dmpu
2024-10-02 12:25:54,052 [ERROR] ConditionMgr:805 - Attr not supported : Dmpu
2024-10-02 12:25:54,052 [ERROR] ConditionMgr:805 - Attr not supported : Dmpu
2024-10-02 12:25:54,052 [ERROR] ConditionMgr:805 - Attr not supported : Dmpu
2024-10-02 12:25:54,052 [ERROR] ConditionMgr:805 - Attr not supported : Dmpu
2024-10-02 12:25:54,052 [ERROR] ConditionMgr:805 - Attr not supported : Dmpu
2024-10-02 12:25:54,053 [ERROR] ConditionMgr:805 - Attr not supported : Dmpu
2024-10-02 12:25:54,053 [ERROR] ConditionMgr:805 - Attr not supported : Dmpu
2024-10-02 12:25:54,053 [ERROR] ConditionMgr:805 - Attr not supported : Dmpu
2024-10-02 12:25:54,053 [ERROR] ConditionMgr:805 - Attr not supported : Dmpu
2024-10-02 12:25:54,053 [ERROR] ConditionMgr:805 - Attr not supported : Dmpu
2024-10-02 12:25:54,053 [ERROR] ConditionMgr:805 - Attr not supported : Dmpu
2024-10-02 12:25:54,053 [ERROR] ConditionMgr:805 - Attr not supported : Dmpu
2024-10-02 12:25:54,053 [ERROR] ConditionMgr:805 - Attr not supported : Dmpu
2024-10-02 12:25:54,053 [ERROR] ConditionMgr:805 - Attr not supported : Dmpu
2024-10-02 12:25:54,053 [ERROR] ConditionMgr:805 - Attr not supported : Dmpu
2024-10-02 12:25:54,053 [ERROR] ConditionMgr:805 - Attr not supported : Dmpu
2024-10-02 12:25:54,053 [ERROR] ConditionMgr:805 - Attr not supported : Dmpu
2024-10-02 12:25:54,053 [ERROR] ConditionMgr:805 - Attr not supported : Dmpu
2024-10-02 12:25:54,055 [ERROR] ConditionMgr:805 - Attr not supported : Dmpu
2024-10-02 12:25:54,055 [ERROR] ConditionMgr:805 - Attr not supported : Dmpu
2024-10-02 12:25:54,055 [ERROR] ConditionMgr:805 - Attr not supported : Dmpu
2024-10-02 12:25:54,055 [ERROR] ConditionMgr:805 - Attr not supported : Dmpu
2024-10-02 12:25:54,055 [ERROR] ConditionMgr:805 - Attr not supported : Dmpu
2024-10-02 12:25:54,063 [WARN] PackLoader:240 - Cannot read IP mode file for RealThread.X-CUBE-RT-Thread_Nano.4.1.1
2024-10-02 12:25:54,072 [WARN] PackLoader:240 - Cannot read IP mode file for STMicroelectronics.FP-ATR-SIGFOX1.3.2.0
2024-10-02 12:25:54,093 [WARN] PackLoader:240 - Cannot read IP mode file for wolfSSL.I-CUBE-wolfSSL.5.7.2
2024-10-02 12:25:54,110 [WARN] PackLoader:240 - Cannot read IP mode file for STMicroelectronics.X-CUBE-EEPRMA1.5.1.0
2024-10-02 12:25:54,124 [WARN] PackLoader:240 - Cannot read IP mode file for ITTIA_DB.I-CUBE-ITTIADB.8.9.0
2024-10-02 12:25:54,211 [WARN] PackLoader:240 - Cannot read IP mode file for SEGGER.I-CUBE-embOS.1.3.1
2024-10-02 12:25:54,375 [WARN] PackLoader:240 - Cannot read IP mode file for STMicroelectronics.X-CUBE-ALGOBUILD.1.4.0
2024-10-02 12:25:54,419 [WARN] PackLoader:240 - Cannot read IP mode file for STMicroelectronics.X-CUBE-AZRTOS-F4.1.1.0
2024-10-02 12:25:54,431 [WARN] PackLoader:240 - Cannot read IP mode file for STMicroelectronics.X-CUBE-ISPU.2.1.0
2024-10-02 12:25:54,439 [WARN] PackLoader:240 - Cannot read IP mode file for STMicroelectronics.X-CUBE-FREERTOS.1.2.0
2024-10-02 12:25:54,481 [WARN] PackLoader:240 - Cannot read IP mode file for STMicroelectronics.X-CUBE-AZRTOS-L5.2.0.0
2024-10-02 12:25:54,492 [INFO] WebApp:448 - Apply proxy settings
2024-10-02 12:25:54,493 [INFO] WebApp:533 - Chromium requires no authentication
2024-10-02 12:25:54,493 [WARN] PackLoader:240 - Cannot read IP mode file for STMicroelectronics.X-CUBE-NFC6.3.1.0
2024-10-02 12:25:54,503 [WARN] PackLoader:240 - Cannot read IP mode file for STMicroelectronics.X-CUBE-DPower.1.2.0
2024-10-02 12:25:54,509 [INFO] WebApp:476 - Direct internet connection detected
2024-10-02 12:25:54,509 [WARN] PackLoader:240 - Cannot read IP mode file for STMicroelectronics.X-CUBE-AI.9.0.0
2024-10-02 12:25:54,515 [WARN] PackLoader:240 - Cannot read IP mode file for STMicroelectronics.X-CUBE-NFC7.1.0.1
2024-10-02 12:25:54,538 [WARN] ConditionMgr:438 - getConditionDescription Invalid condition id : LAN8742 Phy interface Condition cause : null
2024-10-02 12:25:54,540 [WARN] PackLoader:240 - Cannot read IP mode file for STMicroelectronics.X-CUBE-AZRTOS-L4.2.0.0
2024-10-02 12:25:54,541 [WARN] ConditionMgr:1039 - genDependencies : Invalid condition id : LAN8742 Phy interface Condition cause : null
2024-10-02 12:25:54,542 [WARN] ConditionMgr:1039 - genDependencies : Invalid condition id : LAN8742 Phy interface Condition cause : null
2024-10-02 12:25:54,542 [WARN] ConditionMgr:1039 - genDependencies : Invalid condition id : LAN8742 Phy interface Condition cause : null
2024-10-02 12:25:54,549 [INFO] WebApp:869 - Register for checkConnection events
2024-10-02 12:25:54,549 [INFO] WebApp:448 - Apply proxy settings
2024-10-02 12:25:54,549 [INFO] WebApp:533 - Chromium requires no authentication
2024-10-02 12:25:54,550 [INFO] WebApp:476 - Direct internet connection detected
2024-10-02 12:25:54,552 [WARN] PackLoader:240 - Cannot read IP mode file for STMicroelectronics.X-CUBE-SFXS2LP1.4.0.0
2024-10-02 12:25:54,587 [WARN] PackLoader:240 - Cannot read IP mode file for STMicroelectronics.X-CUBE-AZRTOS-H7.3.3.0
2024-10-02 12:25:54,612 [WARN] ConditionMgr:438 - getConditionDescription Invalid condition id : UX DEVICE CLASS RTOS Condition cause : null
2024-10-02 12:25:54,612 [WARN] ConditionMgr:438 - getConditionDescription Invalid condition id : UX DEVICE CLASS RTOS Condition cause : null
2024-10-02 12:25:54,615 [WARN] PackLoader:240 - Cannot read IP mode file for STMicroelectronics.X-CUBE-AZRTOS-WB.2.0.0
2024-10-02 12:25:54,616 [WARN] ConditionMgr:1039 - genDependencies : Invalid condition id : UX DEVICE CLASS RTOS Condition cause : null
2024-10-02 12:25:54,616 [WARN] ConditionMgr:1039 - genDependencies : Invalid condition id : UX DEVICE CLASS RTOS Condition cause : null
2024-10-02 12:25:54,617 [WARN] ConditionMgr:1039 - genDependencies : Invalid condition id : UX DEVICE CLASS RTOS Condition cause : null
2024-10-02 12:25:54,617 [WARN] ConditionMgr:1039 - genDependencies : Invalid condition id : UX DEVICE CLASS RTOS Condition cause : null
2024-10-02 12:25:54,617 [WARN] ConditionMgr:1039 - genDependencies : Invalid condition id : UX DEVICE CLASS RTOS Condition cause : null
2024-10-02 12:25:54,627 [WARN] PackLoader:240 - Cannot read IP mode file for STMicroelectronics.X-CUBE-GNSS1.7.0.0
2024-10-02 12:25:54,642 [WARN] PackLoader:240 - Cannot read IP mode file for STMicroelectronics.X-CUBE-SUBG2.5.0.0
2024-10-02 12:25:54,658 [WARN] PackLoader:240 - Cannot read IP mode file for Cesanta.I-CUBE-Mongoose.7.13.0
2024-10-02 12:25:54,678 [WARN] PackLoader:240 - Cannot read IP mode file for STMicroelectronics.X-CUBE-AZRTOS-G4.2.0.0
2024-10-02 12:25:54,684 [WARN] PackLoader:240 - Cannot read IP mode file for STMicroelectronics.X-CUBE-ISPU.2.0.0
2024-10-02 12:25:54,691 [WARN] PackLoader:240 - Cannot read IP mode file for STMicroelectronics.X-CUBE-ALS.1.0.2
2024-10-02 12:25:54,701 [WARN] PackLoader:240 - Cannot read IP mode file for STMicroelectronics.X-CUBE-TOUCHGFX.4.24.0
2024-10-02 12:25:54,707 [WARN] PackLoader:240 - Cannot read IP mode file for STMicroelectronics.X-CUBE-TOUCHGFX.4.24.1
2024-10-02 12:25:54,712 [WARN] PackLoader:240 - Cannot read IP mode file for wolfSSL.I-CUBE-wolfTPM.3.4.0
2024-10-02 12:25:54,720 [WARN] PackLoader:240 - Cannot read IP mode file for portGmbH.I-Cube-SoM-uGOAL.1.1.0
2024-10-02 12:25:54,747 [WARN] PackLoader:240 - Cannot read IP mode file for STMicroelectronics.X-CUBE-AZRTOS-H7RS.1.0.0
2024-10-02 12:25:54,756 [WARN] PackLoader:240 - Cannot read IP mode file for STMicroelectronics.FP-ATR-ASTRA1.2.0.0
2024-10-02 12:25:54,773 [WARN] PackLoader:240 - Cannot read IP mode file for STMicroelectronics.X-CUBE-TOF1.3.4.2
2024-10-02 12:25:54,828 [WARN] PackLoader:240 - Cannot read IP mode file for Infineon.AIROC-Wi-Fi-Bluetooth-STM32.1.6.1
2024-10-02 12:25:54,839 [WARN] PackLoader:240 - Cannot read IP mode file for wolfSSL.I-CUBE-wolfSSH.1.4.17
2024-10-02 12:25:54,841 [INFO] ThirdParty:978 - Integrity check success = true
2024-10-02 12:25:54,841 [INFO] IntegrityCheckThread:100 - exiting critical section [integrity check]
2024-10-02 12:25:54,841 [INFO] IntegrityCheckThread:103 - End integrity checks thread
2024-10-02 12:25:54,898 [INFO] WebApp:220 - Starting web application
2024-10-02 12:25:54,898 [INFO] WebApp:578 - Web application path used C:\STM32\STM32CubeIDE_1.16.0\STM32CubeIDE\plugins\com.st.stm32cube.common.mx_6.12.0.202406281431\db\plugins\mcufinder\reactClient1\index.html
2024-10-02 12:25:55,310 [INFO] WebApp:186 - Connection restablished
